<?xml version="1.0" encoding="UTF-8"?>
<testsuites name="Sample Test Suite" time="68.175" tests="1" failures="0" errors="0">
   <testsuite name="Sample Test Suite" tests="1" failures="0" errors="0" time="68.175" skipped="0" timestamp="2023-08-11 06:52:19" hostname="lakshmimukkur - lakshmis-mbp.ht.home" id="Test Suites/Sample Test Suite">
      <properties>
[...]
</properties>
      <testcase name="Test Cases/Main Test Cases/TC1_Verify Successful Login - Test Suite Data Driven Testing" time="67.808" classname="Test Cases/Main Test Cases/TC1_Verify Successful Login - Test Suite Data Driven Testing" status="PASSED">
         <system-out><![CDATA[2023-08-11 06:52:19 - [TEST_CASE][PASSED] - Test Cases/Main Test Cases/TC1_Verify Successful Login - Test Suite Data Driven Testing: Test Cases/Main Test Cases/TC1_Verify Successful Login - Test Suite Data Driven Testing

2023-08-11 06:52:20 - [TEST_STEP][PASSED] - comment("Story: Login to CURA system"): Story: Login to CURA system

2023-08-11 06:52:20 - [MESSAGE][INFO] - Story: Login to CURA system

2023-08-11 06:52:20 - [TEST_STEP][PASSED] - comment("Given that the user has the valid login information"): Given that the user has the valid login information

2023-08-11 06:52:20 - [MESSAGE][INFO] - Given that the user has the valid login information

2023-08-11 06:52:20 - [TEST_STEP][PASSED] - openBrowser(G_SiteURL): Browser is opened with url: 'http://demoaut.katalon.com'

2023-08-11 06:52:21 - [MESSAGE][INFO] - User set preference: ['os', 'windows']

2023-08-11 06:52:21 - [MESSAGE][INFO] - User set preference: ['browserName', 'chrome']

2023-08-11 06:52:21 - [MESSAGE][INFO] - User set preference: ['browserVersion', '114']

2023-08-11 06:52:21 - [MESSAGE][INFO] - User set preference: ['katalon:option', '{organizationId=902399, tunnelId=, usingTunnel=false}']

2023-08-11 06:52:21 - [MESSAGE][INFO] - Connecting to remote web server 'testcloud.katalon.com/hub' with type 'Selenium'

2023-08-11 06:52:21 - [MESSAGE][INFO] - Action delay is set to 0 milliseconds

2023-08-11 06:53:16 - [MESSAGE][PASSED] - Browser is opened with url: 'http://demoaut.katalon.com'

2023-08-11 06:53:16 - [TEST_STEP][PASSED] - click(findTestObject("Page_CuraHomepage/btn_MakeAppointment")): Object: 'Object Repository/Page_CuraHomepage/btn_MakeAppointment' is clicked on

2023-08-11 06:53:17 - [MESSAGE][PASSED] - Object: 'Object Repository/Page_CuraHomepage/btn_MakeAppointment' is clicked on

2023-08-11 06:53:17 - [TEST_STEP][PASSED] - setText(findTestObject("Page_Login/txt_UserName"), User): Text 'John Doe' is set on object 'Object Repository/Page_Login/txt_UserName'

2023-08-11 06:53:19 - [MESSAGE][PASSED] - Text 'John Doe' is set on object 'Object Repository/Page_Login/txt_UserName'

2023-08-11 06:53:19 - [TEST_STEP][PASSED] - setText(findTestObject("Page_Login/txt_Password"), Pass): Text 'ThisIsNotAPassword' is set on object 'Object Repository/Page_Login/txt_Password'

2023-08-11 06:53:21 - [MESSAGE][PASSED] - Text 'ThisIsNotAPassword' is set on object 'Object Repository/Page_Login/txt_Password'

2023-08-11 06:53:21 - [TEST_STEP][PASSED] - comment("When he logins to CURA system"): When he logins to CURA system

2023-08-11 06:53:21 - [MESSAGE][INFO] - When he logins to CURA system

2023-08-11 06:53:21 - [TEST_STEP][PASSED] - click(findTestObject("Page_Login/btn_Login")): Object: 'Object Repository/Page_Login/btn_Login' is clicked on

2023-08-11 06:53:23 - [MESSAGE][PASSED] - Object: 'Object Repository/Page_Login/btn_Login' is clicked on

2023-08-11 06:53:23 - [TEST_STEP][PASSED] - comment("Then he should be able to login successfully"): Then he should be able to login successfully

2023-08-11 06:53:23 - [MESSAGE][INFO] - Then he should be able to login successfully

2023-08-11 06:53:23 - [TEST_STEP][PASSED] - landingPage = verifyElementPresent(findTestObject("Page_CuraAppointment/div_Appointment"), G_Timeout): Object 'Object Repository/Page_CuraAppointment/div_Appointment' is present

2023-08-11 06:53:24 - [MESSAGE][PASSED] - Object 'Object Repository/Page_CuraAppointment/div_Appointment' is present

2023-08-11 06:53:24 - [TEST_STEP][PASSED] - closeBrowser(): Browser is closed

2023-08-11 06:53:25 - [MESSAGE][PASSED] - Browser is closed

2023-08-11 06:53:27 - [TEST_STEP][PASSED] - Video: Video recording for test case 'Test Cases/Main Test Cases/TC1_Verify Successful Login - Test Suite Data Driven Testing' .

2023-08-11 06:53:27 - [MESSAGE][INFO] - Video recording for test case 'Test Cases/Main Test Cases/TC1_Verify Successful Login - Test Suite Data Driven Testing' .]]></system-out>
         <system-err><![CDATA[]]></system-err>
      </testcase>
      <system-out><![CDATA[2023-08-11 06:52:19 - [TEST_SUITE][PASSED] - Sample Test Suite: Test Cases/Main Test Cases/TC1_Verify Successful Login - Test Suite Data Driven Testing]]></system-out>
      <system-err><![CDATA[]]></system-err>
   </testsuite>
</testsuites>
